<?xml version="1.0" encoding="UTF-8"?>
<!-- Generated by org.testng.reporters.JUnitReportReporter -->
<testsuite hostname="DESKTOP-F5NB8LI" failures="0" tests="1" name="com.testcases.dsalgo.LoginTest" time="1.586" errors="0" timestamp="2022-06-20T14:48:27 CDT" skipped="0">
  <testcase classname="com.testcases.dsalgo.LoginTest" name="Login" time="1.586"/>
  <system-out/>
</testsuite> <!-- com.testcases.dsalgo.LoginTest -->
