<?xml version="1.0" encoding="UTF-8"?>
<!-- Generated by org.testng.reporters.JUnitReportReporter -->
<testsuite hostname="DESKTOP-F5NB8LI" failures="0" tests="1" name="com.testcases.dsalgo.StackTest" time="3.441" errors="0" timestamp="2022-06-20T14:48:27 CDT" skipped="0">
  <testcase classname="com.testcases.dsalgo.StackTest" name="Stack_Test" time="3.441"/>
  <system-out/>
</testsuite> <!-- com.testcases.dsalgo.StackTest -->
