<?xml version="1.0" encoding="UTF-8"?>
<!-- Generated by org.testng.reporters.JUnitReportReporter -->
<testsuite hostname="DESKTOP-F5NB8LI" failures="0" tests="1" name="com.testcases.dsalgo.QueueTest" time="18.752" errors="0" timestamp="2022-06-18T00:53:02 CDT" skipped="0">
  <testcase classname="com.testcases.dsalgo.QueueTest" name="queuetest" time="18.752"/>
  <system-out/>
</testsuite> <!-- com.testcases.dsalgo.QueueTest -->
