<?xml version="1.0" encoding="UTF-8"?>
<!-- Generated by org.testng.reporters.JUnitReportReporter -->
<testsuite hostname="DESKTOP-F5NB8LI" failures="0" tests="1" name="com.testcases.dsalgo.LoginTest" time="1.695" errors="0" timestamp="2022-06-16T00:15:40 CDT" skipped="0">
  <testcase classname="com.testcases.dsalgo.LoginTest" name="Login" time="1.695"/>
  <system-out/>
</testsuite> <!-- com.testcases.dsalgo.LoginTest -->
